Using pre-set license
Built from '2021.3/staging' branch; Version is '2021.3.15f1 (e8e88683f834) revision 15263878'; Using compiler version '192829333'; Build Type 'Release'
OS: 'Windows 10  (10.0.19045) 64bit Education' Language: 'ko' Physical Memory: 16318 MB
BatchMode: 1, IsHumanControllingUs: 0, StartBugReporterOnCrash: 0, Is64bit: 1, IsPro: 1

COMMAND LINE ARGUMENTS:
C:\2021.3.15f1\Editor\Unity.exe
-adb2
-batchMode
-noUpm
-name
AssetImportWorker1
-projectPath
C:/Users/Administrator/Desktop/2DProject1/game/2DGame
-logFile
Logs/AssetImportWorker1.log
-srvPort
57575
Successfully changed project path to: C:/Users/Administrator/Desktop/2DProject1/game/2DGame
C:/Users/Administrator/Desktop/2DProject1/game/2DGame
[UnityMemory] Configuration Parameters - Can be set up in boot.config
    "memorysetup-bucket-allocator-granularity=16"
    "memorysetup-bucket-allocator-bucket-count=8"
    "memorysetup-bucket-allocator-block-size=33554432"
    "memorysetup-bucket-allocator-block-count=8"
    "memorysetup-main-allocator-block-size=16777216"
    "memorysetup-thread-allocator-block-size=16777216"
    "memorysetup-gfx-main-allocator-block-size=16777216"
    "memorysetup-gfx-thread-allocator-block-size=16777216"
    "memorysetup-cache-allocator-block-size=4194304"
    "memorysetup-typetree-allocator-block-size=2097152"
    "memorysetup-profiler-bucket-allocator-granularity=16"
    "memorysetup-profiler-bucket-allocator-bucket-count=8"
    "memorysetup-profiler-bucket-allocator-block-size=33554432"
    "memorysetup-profiler-bucket-allocator-block-count=8"
    "memorysetup-profiler-allocator-block-size=16777216"
    "memorysetup-profiler-editor-allocator-block-size=1048576"
    "memorysetup-temp-allocator-size-main=16777216"
    "memorysetup-job-temp-allocator-block-size=2097152"
    "memorysetup-job-temp-allocator-block-size-background=1048576"
    "memorysetup-job-temp-allocator-reduction-small-platforms=262144"
    "memorysetup-temp-allocator-size-background-worker=32768"
    "memorysetup-temp-allocator-size-job-worker=262144"
    "memorysetup-temp-allocator-size-preload-manager=33554432"
    "memorysetup-temp-allocator-size-nav-mesh-worker=65536"
    "memorysetup-temp-allocator-size-audio-worker=65536"
    "memorysetup-temp-allocator-size-cloud-worker=32768"
    "memorysetup-temp-allocator-size-gi-baking-worker=262144"
    "memorysetup-temp-allocator-size-gfx=262144"
Player connection [11832] Host "[IP] 192.168.0.214 [Port] 0 [Flags] 2 [Guid] 2875103265 [EditorId] 2875103265 [Version] 1048832 [Id] WindowsEditor(7,I-15) [Debug] 1 [PackageName] WindowsEditor [ProjectName] Editor" joined multi-casting on [225.0.0.222:54997]...

Player connection [11832] Host "[IP] 192.168.0.214 [Port] 0 [Flags] 2 [Guid] 2875103265 [EditorId] 2875103265 [Version] 1048832 [Id] WindowsEditor(7,I-15) [Debug] 1 [PackageName] WindowsEditor [ProjectName] Editor" joined alternative multi-casting on [225.0.0.222:34997]...

Refreshing native plugins compatible for Editor in 116.56 ms, found 4 plugins.
Preloading 0 native plugins for Editor in 0.00 ms.
Initialize engine version: 2021.3.15f1 (e8e88683f834)
[Subsystems] Discovering subsystems at path C:/2021.3.15f1/Editor/Data/Resources/UnitySubsystems
[Subsystems] Discovering subsystems at path C:/Users/Administrator/Desktop/2DProject1/game/2DGame/Assets
GfxDevice: creating device client; threaded=0; jobified=0
Direct3D:
    Version:  Direct3D 11.0 [level 11.1]
    Renderer: NVIDIA GeForce GTX 1660 (ID=0x2184)
    Vendor:   NVIDIA
    VRAM:     5991 MB
    Driver:   31.0.15.1694
Initialize mono
Mono path[0] = 'C:/2021.3.15f1/Editor/Data/Managed'
Mono path[1] = 'C:/2021.3.15f1/Editor/Data/MonoBleedingEdge/lib/mono/unityjit-win32'
Mono config path = 'C:/2021.3.15f1/Editor/Data/MonoBleedingEdge/etc'
Using monoOptions --debugger-agent=transport=dt_socket,embedding=1,server=y,suspend=n,address=127.0.0.1:56120
Begin MonoManager ReloadAssembly
Registering precompiled unity dll's ...
Register platform support module: C:/2021.3.15f1/Editor/Data/PlaybackEngines/WindowsStandaloneSupport/UnityEditor.WindowsStandalone.Extensions.dll
Registered in 0.003544 seconds.
Native extension for WindowsStandalone target not found
Refreshing native plugins compatible for Editor in 130.65 ms, found 4 plugins.
Preloading 0 native plugins for Editor in 0.00 ms.
Mono: successfully reloaded assembly
- Completed reload, in  1.376 seconds
Domain Reload Profiling:
	ReloadAssembly (1376ms)
		BeginReloadAssembly (164ms)
			ExecutionOrderSort (0ms)
			DisableScriptedObjects (0ms)
			BackupInstance (0ms)
			ReleaseScriptingObjects (0ms)
			CreateAndSetChildDomain (1ms)
		EndReloadAssembly (946ms)
			LoadAssemblies (162ms)
			RebuildTransferFunctionScriptingTraits (0ms)
			SetupTypeCache (522ms)
			ReleaseScriptCaches (0ms)
			RebuildScriptCaches (34ms)
			SetupLoadedEditorAssemblies (333ms)
				LogAssemblyErrors (0ms)
				InitializePlatformSupportModulesInManaged (8ms)
				SetLoadedEditorAssemblies (0ms)
				RefreshPlugins (131ms)
				BeforeProcessingInitializeOnLoad (2ms)
				ProcessInitializeOnLoadAttributes (143ms)
				ProcessInitializeOnLoadMethodAttributes (50ms)
				AfterProcessingInitializeOnLoad (0ms)
				EditorAssembliesLoaded (0ms)
			ExecutionOrderSort2 (0ms)
			AwakeInstancesAfterBackupRestoration (0ms)
Platform modules already initialized, skipping
Registering precompiled user dll's ...
Registered in 0.008033 seconds.
Begin MonoManager ReloadAssembly
Symbol file LoadedFromMemory doesn't match image C:\Users\Administrator\Desktop\2DProject1\game\2DGame\Library\PackageCache\com.unity.visualscripting@1.7.8\Editor\VisualScripting.Core\Dependencies\YamlDotNet\Unity.VisualScripting.YamlDotNet.dll
Symbol file LoadedFromMemory doesn't match image C:\Users\Administrator\Desktop\2DProject1\game\2DGame\Library\PackageCache\com.unity.visualscripting@1.7.8\Editor\VisualScripting.Core\Dependencies\DotNetZip\Unity.VisualScripting.IonicZip.dll
Native extension for WindowsStandalone target not found
Refreshing native plugins compatible for Editor in 107.14 ms, found 4 plugins.
Preloading 0 native plugins for Editor in 0.00 ms.
Mono: successfully reloaded assembly
- Completed reload, in  1.550 seconds
Domain Reload Profiling:
	ReloadAssembly (1551ms)
		BeginReloadAssembly (128ms)
			ExecutionOrderSort (0ms)
			DisableScriptedObjects (7ms)
			BackupInstance (0ms)
			ReleaseScriptingObjects (0ms)
			CreateAndSetChildDomain (22ms)
		EndReloadAssembly (1292ms)
			LoadAssemblies (101ms)
			RebuildTransferFunctionScriptingTraits (0ms)
			SetupTypeCache (424ms)
			ReleaseScriptCaches (1ms)
			RebuildScriptCaches (83ms)
			SetupLoadedEditorAssemblies (636ms)
				LogAssemblyErrors (0ms)
				InitializePlatformSupportModulesInManaged (5ms)
				SetLoadedEditorAssemblies (0ms)
				RefreshPlugins (107ms)
				BeforeProcessingInitializeOnLoad (117ms)
				ProcessInitializeOnLoadAttributes (353ms)
				ProcessInitializeOnLoadMethodAttributes (47ms)
				AfterProcessingInitializeOnLoad (6ms)
				EditorAssembliesLoaded (0ms)
			ExecutionOrderSort2 (0ms)
			AwakeInstancesAfterBackupRestoration (6ms)
Platform modules already initialized, skipping
========================================================================
Worker process is ready to serve import requests
Launched and connected shader compiler UnityShaderCompiler.exe after 0.07 seconds
Refreshing native plugins compatible for Editor in 0.96 ms, found 4 plugins.
Preloading 0 native plugins for Editor in 0.00 ms.
Unloading 3792 Unused Serialized files (Serialized files now loaded: 0)
Unloading 44 unused Assets / (229.4 KB). Loaded Objects now: 4246.
Memory consumption went from 143.8 MB to 143.6 MB.
Total: 4.218200 ms (FindLiveObjects: 0.391900 ms CreateObjectMapping: 0.296800 ms MarkObjects: 3.357400 ms  DeleteObjects: 0.171300 ms)

AssetImportParameters requested are different than current active one (requested -> active):
  custom:video-decoder-ogg-theora: a1e56fd34408186e4bbccfd4996cb3dc -> 
  custom:container-muxer-webm: aa71ff27fc2769a1b78a27578f13a17b -> 
  custom:container-demuxer-webm: 4f35f7cbe854078d1ac9338744f61a02 -> 
  custom:video-encoder-webm-vp8: eb34c28f22e8b96e1ab97ce403110664 -> 
  custom:audio-encoder-webm-vorbis: bf7c407c2cedff20999df2af8eb42d56 -> 
  custom:framework-win-MediaFoundation: 216162199b28c13a410421893ffa2e32 -> 
  custom:container-demuxer-ogg: 62fdf1f143b41e24485cea50d1cbac27 -> 
  custom:video-decoder-webm-vp8: 9c59270c3fd7afecdb556c50c9e8de78 -> 
  custom:audio-decoder-ogg-vorbis: bf7c407c2cedff20999df2af8eb42d56 -> 
========================================================================
Received Import Request.
  Time since last request: 2616.132397 seconds.
  path: Assets/RF Castle/Sliced
  artifactKey: Guid(2583ae2598f98424c9e9527afeb3ce20) Importer(815301076,1909f56bfc062723c751e8b465ee728b)
Start importing Assets/RF Castle/Sliced using Guid(2583ae2598f98424c9e9527afeb3ce20) Importer(815301076,1909f56bfc062723c751e8b465ee728b)  -> (artifact id: 'e91cb493665e4fe374f59c0e133ccde7') in 0.012238 seconds 
========================================================================
Received Import Request.
  Time since last request: 0.000026 seconds.
  path: Assets/Resources/Slime.prefab
  artifactKey: Guid(f30706445bd542f44aca79f6b454a09d) Importer(815301076,1909f56bfc062723c751e8b465ee728b)
Start importing Assets/Resources/Slime.prefab using Guid(f30706445bd542f44aca79f6b454a09d) Importer(815301076,1909f56bfc062723c751e8b465ee728b)  -> (artifact id: '1525a00fca74819714af493e1bd129f0') in 0.140662 seconds 
========================================================================
Received Import Request.
  Time since last request: 20.004154 seconds.
  path: Assets/RF Castle/Palette/mainlevbuild_101.asset
  artifactKey: Guid(a9bcccea24afe8946bcd3d0f1a3faca8) Importer(815301076,1909f56bfc062723c751e8b465ee728b)
Start importing Assets/RF Castle/Palette/mainlevbuild_101.asset using Guid(a9bcccea24afe8946bcd3d0f1a3faca8) Importer(815301076,1909f56bfc062723c751e8b465ee728b)  -> (artifact id: 'bed94c3d8c5cbc957b0cabf7b9c60dc1') in 0.041947 seconds 
========================================================================
Received Import Request.
  Time since last request: 0.000035 seconds.
  path: Assets/RF Castle/Palette/mainlevbuild_121.asset
  artifactKey: Guid(c819c34235cfa0040951c299411c44fe) Importer(815301076,1909f56bfc062723c751e8b465ee728b)
Start importing Assets/RF Castle/Palette/mainlevbuild_121.asset using Guid(c819c34235cfa0040951c299411c44fe) Importer(815301076,1909f56bfc062723c751e8b465ee728b)  -> (artifact id: '7cdaf9a322695ac8b04c9eeb83d8ba2e') in 0.025217 seconds 
========================================================================
Received Import Request.
  Time since last request: 0.916538 seconds.
  path: Assets/RF Castle/Palette/mainlevbuild_252.asset
  artifactKey: Guid(362586e5f7fdc114c9ce1526975f7431) Importer(815301076,1909f56bfc062723c751e8b465ee728b)
Start importing Assets/RF Castle/Palette/mainlevbuild_252.asset using Guid(362586e5f7fdc114c9ce1526975f7431) Importer(815301076,1909f56bfc062723c751e8b465ee728b)  -> (artifact id: 'a2c8cf4b33b9ea3676f609b39a3ad637') in 0.019658 seconds 
========================================================================
Received Import Request.
  Time since last request: 0.000017 seconds.
  path: Assets/RF Castle/Palette/mainlevbuild_255.asset
  artifactKey: Guid(fcf0993d211bc13409367637794eea5d) Importer(815301076,1909f56bfc062723c751e8b465ee728b)
Start importing Assets/RF Castle/Palette/mainlevbuild_255.asset using Guid(fcf0993d211bc13409367637794eea5d) Importer(815301076,1909f56bfc062723c751e8b465ee728b)  -> (artifact id: 'e906c89f783a67c4483ca33610d6692d') in 0.017243 seconds 
========================================================================
Received Import Request.
  Time since last request: 0.176969 seconds.
  path: Assets/RF Castle/Palette/mainlevbuild_276.asset
  artifactKey: Guid(54a03350f09a22c41943100b07c2a1dd) Importer(815301076,1909f56bfc062723c751e8b465ee728b)
Start importing Assets/RF Castle/Palette/mainlevbuild_276.asset using Guid(54a03350f09a22c41943100b07c2a1dd) Importer(815301076,1909f56bfc062723c751e8b465ee728b)  -> (artifact id: '1887620a62f182f9e9534acfe9dce5eb') in 0.021255 seconds 
========================================================================
Received Import Request.
  Time since last request: 0.000031 seconds.
  path: Assets/RF Castle/Palette/mainlevbuild_282.asset
  artifactKey: Guid(474233200d9fcf04da78956d3745cfc1) Importer(815301076,1909f56bfc062723c751e8b465ee728b)
Start importing Assets/RF Castle/Palette/mainlevbuild_282.asset using Guid(474233200d9fcf04da78956d3745cfc1) Importer(815301076,1909f56bfc062723c751e8b465ee728b)  -> (artifact id: 'de3559c4383679d0f62a018751634f6f') in 0.027025 seconds 
========================================================================
Received Import Request.
  Time since last request: 1.415768 seconds.
  path: Assets/RF Castle/Palette/mainlevbuild_325.asset
  artifactKey: Guid(2dcfe33e24d79d54ab840128230bb9de) Importer(815301076,1909f56bfc062723c751e8b465ee728b)
Start importing Assets/RF Castle/Palette/mainlevbuild_325.asset using Guid(2dcfe33e24d79d54ab840128230bb9de) Importer(815301076,1909f56bfc062723c751e8b465ee728b)  -> (artifact id: '474cdb54e5b697ccd75ea58ddf8cad03') in 0.019413 seconds 
========================================================================
Received Import Request.
  Time since last request: 0.000032 seconds.
  path: Assets/RF Castle/Palette/mainlevbuild_334.asset
  artifactKey: Guid(437264afb8f0485418c8ee61549f9f3c) Importer(815301076,1909f56bfc062723c751e8b465ee728b)
Start importing Assets/RF Castle/Palette/mainlevbuild_334.asset using Guid(437264afb8f0485418c8ee61549f9f3c) Importer(815301076,1909f56bfc062723c751e8b465ee728b)  -> (artifact id: '9c708d64d7bfc02c80c1fb0eb76f26a0') in 0.021179 seconds 
========================================================================
Received Import Request.
  Time since last request: 0.000041 seconds.
  path: Assets/RF Castle/Palette/mainlevbuild_339.asset
  artifactKey: Guid(6743c1353f3348449bbf04171c8403aa) Importer(815301076,1909f56bfc062723c751e8b465ee728b)
Start importing Assets/RF Castle/Palette/mainlevbuild_339.asset using Guid(6743c1353f3348449bbf04171c8403aa) Importer(815301076,1909f56bfc062723c751e8b465ee728b)  -> (artifact id: '8f17bd0edc6ce0d9b2a2023bd17d4030') in 0.018908 seconds 
========================================================================
Received Import Request.
  Time since last request: 0.000024 seconds.
  path: Assets/RF Castle/Palette/mainlevbuild_343.asset
  artifactKey: Guid(951e8d2b2367cf347a144f5a4a4b9174) Importer(815301076,1909f56bfc062723c751e8b465ee728b)
Start importing Assets/RF Castle/Palette/mainlevbuild_343.asset using Guid(951e8d2b2367cf347a144f5a4a4b9174) Importer(815301076,1909f56bfc062723c751e8b465ee728b)  -> (artifact id: 'e8dd660afad00a44428e3425936c1a19') in 0.015705 seconds 
========================================================================
Received Import Request.
  Time since last request: 0.000027 seconds.
  path: Assets/RF Castle/Palette/mainlevbuild_342.asset
  artifactKey: Guid(49aaf9a5714551f4c9d42177b12bda9c) Importer(815301076,1909f56bfc062723c751e8b465ee728b)
Start importing Assets/RF Castle/Palette/mainlevbuild_342.asset using Guid(49aaf9a5714551f4c9d42177b12bda9c) Importer(815301076,1909f56bfc062723c751e8b465ee728b)  -> (artifact id: 'b23e219c1c0ec8971a5ada0257a85af5') in 0.018540 seconds 
========================================================================
Received Import Request.
  Time since last request: 0.071930 seconds.
  path: Assets/RF Castle/Palette/mainlevbuild_468.asset
  artifactKey: Guid(9aaa9028687824b498044adcd38585bb) Importer(815301076,1909f56bfc062723c751e8b465ee728b)
Start importing Assets/RF Castle/Palette/mainlevbuild_468.asset using Guid(9aaa9028687824b498044adcd38585bb) Importer(815301076,1909f56bfc062723c751e8b465ee728b)  -> (artifact id: '42b7ebf6e9ede5e68174969713c1fae2') in 0.017213 seconds 
========================================================================
Received Import Request.
  Time since last request: 0.000027 seconds.
  path: Assets/RF Castle/Palette/mainlevbuild_479.asset
  artifactKey: Guid(1404f9c092bbd4248bbf8ca740c2f112) Importer(815301076,1909f56bfc062723c751e8b465ee728b)
Start importing Assets/RF Castle/Palette/mainlevbuild_479.asset using Guid(1404f9c092bbd4248bbf8ca740c2f112) Importer(815301076,1909f56bfc062723c751e8b465ee728b)  -> (artifact id: 'acb417b6233de630ca8338ca7a2bced9') in 0.018710 seconds 
========================================================================
Received Import Request.
  Time since last request: 0.000026 seconds.
  path: Assets/RF Castle/Palette/mainlevbuild_471.asset
  artifactKey: Guid(7c9283363db3a0046a8edb7cb11719f1) Importer(815301076,1909f56bfc062723c751e8b465ee728b)
Start importing Assets/RF Castle/Palette/mainlevbuild_471.asset using Guid(7c9283363db3a0046a8edb7cb11719f1) Importer(815301076,1909f56bfc062723c751e8b465ee728b)  -> (artifact id: '4f13a11bb029dd39a7d3e5d5cd0d9bb7') in 0.014909 seconds 
========================================================================
Received Import Request.
  Time since last request: 0.000995 seconds.
  path: Assets/RF Castle/Palette/mainlevbuild_489.asset
  artifactKey: Guid(c1f3ca660b27a7c48b27d3e10b258985) Importer(815301076,1909f56bfc062723c751e8b465ee728b)
Start importing Assets/RF Castle/Palette/mainlevbuild_489.asset using Guid(c1f3ca660b27a7c48b27d3e10b258985) Importer(815301076,1909f56bfc062723c751e8b465ee728b)  -> (artifact id: '6257567fb24236b4e59abfa58f8053e4') in 0.019177 seconds 
========================================================================
Received Import Request.
  Time since last request: 0.000021 seconds.
  path: Assets/RF Castle/Palette/mainlevbuild_490.asset
  artifactKey: Guid(f47d0443f11f44346b8bc42251267fce) Importer(815301076,1909f56bfc062723c751e8b465ee728b)
Start importing Assets/RF Castle/Palette/mainlevbuild_490.asset using Guid(f47d0443f11f44346b8bc42251267fce) Importer(815301076,1909f56bfc062723c751e8b465ee728b)  -> (artifact id: '27451c2d16f97bbb96dece881ca2682a') in 0.018527 seconds 
========================================================================
Received Import Request.
  Time since last request: 0.010731 seconds.
  path: Assets/RF Castle/Palette/mainlevbuild_503.asset
  artifactKey: Guid(4ac1a83e74787264883ce1d77049368a) Importer(815301076,1909f56bfc062723c751e8b465ee728b)
Start importing Assets/RF Castle/Palette/mainlevbuild_503.asset using Guid(4ac1a83e74787264883ce1d77049368a) Importer(815301076,1909f56bfc062723c751e8b465ee728b)  -> (artifact id: '048cd1e3b97c3a7aecfa79840974a225') in 0.018383 seconds 
========================================================================
Received Import Request.
  Time since last request: 0.000024 seconds.
  path: Assets/RF Castle/Palette/mainlevbuild_512.asset
  artifactKey: Guid(ea55de1546e1abb49a1c69739de48617) Importer(815301076,1909f56bfc062723c751e8b465ee728b)
Start importing Assets/RF Castle/Palette/mainlevbuild_512.asset using Guid(ea55de1546e1abb49a1c69739de48617) Importer(815301076,1909f56bfc062723c751e8b465ee728b)  -> (artifact id: 'd35449988c9f08dbe05f5a06d199153f') in 0.019381 seconds 
========================================================================
Received Import Request.
  Time since last request: 0.000042 seconds.
  path: Assets/RF Castle/Palette/mainlevbuild_523.asset
  artifactKey: Guid(2cbf955733a838849b79c3cd8878ae56) Importer(815301076,1909f56bfc062723c751e8b465ee728b)
Start importing Assets/RF Castle/Palette/mainlevbuild_523.asset using Guid(2cbf955733a838849b79c3cd8878ae56) Importer(815301076,1909f56bfc062723c751e8b465ee728b)  -> (artifact id: '6e839ebd70d0b4555a3fbdc27e32397e') in 0.016961 seconds 
========================================================================
Received Import Request.
  Time since last request: 0.000032 seconds.
  path: Assets/RF Castle/Palette/mainlevbuild_526.asset
  artifactKey: Guid(fc472d1075b89e94e9d2a92ce37c2a2b) Importer(815301076,1909f56bfc062723c751e8b465ee728b)
Start importing Assets/RF Castle/Palette/mainlevbuild_526.asset using Guid(fc472d1075b89e94e9d2a92ce37c2a2b) Importer(815301076,1909f56bfc062723c751e8b465ee728b)  -> (artifact id: 'a9c79d39392f7afde084c66c3eb4993f') in 0.017672 seconds 
========================================================================
Received Import Request.
  Time since last request: 0.000021 seconds.
  path: Assets/RF Castle/Palette/mainlevbuild_516.asset
  artifactKey: Guid(ede194fff3344d84f9d485e4fdeb1f5e) Importer(815301076,1909f56bfc062723c751e8b465ee728b)
Start importing Assets/RF Castle/Palette/mainlevbuild_516.asset using Guid(ede194fff3344d84f9d485e4fdeb1f5e) Importer(815301076,1909f56bfc062723c751e8b465ee728b)  -> (artifact id: '0d8243c4675b42381e237700bcb2a86f') in 0.018264 seconds 
========================================================================
Received Import Request.
  Time since last request: 0.000025 seconds.
  path: Assets/RF Castle/Palette/mainlevbuild_505.asset
  artifactKey: Guid(02cb720279c5b6e4583e4ac357028cca) Importer(815301076,1909f56bfc062723c751e8b465ee728b)
Start importing Assets/RF Castle/Palette/mainlevbuild_505.asset using Guid(02cb720279c5b6e4583e4ac357028cca) Importer(815301076,1909f56bfc062723c751e8b465ee728b)  -> (artifact id: 'ded9bee28260ea5b10bf83d506aefd1e') in 0.023247 seconds 
========================================================================
Received Import Request.
  Time since last request: 0.385281 seconds.
  path: Assets/RF Castle/Palette/mainlevbuild_789.asset
  artifactKey: Guid(a66004f1a1e5b0348b157e802bb8e666) Importer(815301076,1909f56bfc062723c751e8b465ee728b)
Start importing Assets/RF Castle/Palette/mainlevbuild_789.asset using Guid(a66004f1a1e5b0348b157e802bb8e666) Importer(815301076,1909f56bfc062723c751e8b465ee728b)  -> (artifact id: 'f779cb24755a71bf2bb8f5d651bcaea1') in 0.016966 seconds 
========================================================================
Received Import Request.
  Time since last request: 0.000018 seconds.
  path: Assets/RF Castle/Palette/mainlevbuild_793.asset
  artifactKey: Guid(77721ed731493604c895723618d82a83) Importer(815301076,1909f56bfc062723c751e8b465ee728b)
Start importing Assets/RF Castle/Palette/mainlevbuild_793.asset using Guid(77721ed731493604c895723618d82a83) Importer(815301076,1909f56bfc062723c751e8b465ee728b)  -> (artifact id: 'b83356cc2232890e170d6d29f08898d7') in 0.017758 seconds 
Editor requested this worker to shutdown with reason: Scaling down because of idle timeout
AssetImportWorker is now disconnected from the server
Process exiting
Exiting without the bug reporter. Application will terminate with return code 0